Using pre-set license
Built from '2021.1/staging' branch; Version is '2021.1.17f1 (03b40fe07a36) revision 242703'; Using compiler version '192528614'; Build Type 'Release'
OS: 'Windows 10 Home; OS build 19043.1237; Version 2009; 64bit' Language: 'en' Physical Memory: 16318 MB
BatchMode: 1, IsHumanControllingUs: 0, StartBugReporterOnCrash: 0, Is64bit: 1, IsPro: 0

 COMMAND LINE ARGUMENTS:
E:\Unity\Editor\2021.1.17f1\Editor\Unity.exe
-adb2
-batchMode
-noUpm
-name
AssetImportWorker0
-projectPath
F:/Github/RootedGame/Rooted Game
-logFile
Logs/AssetImportWorker0.log
-srvPort
62122
Successfully changed project path to: F:/Github/RootedGame/Rooted Game
F:/Github/RootedGame/Rooted Game
Using Asset Import Pipeline V2.
Refreshing native plugins compatible for Editor in 66.95 ms, found 3 plugins.
Preloading 0 native plugins for Editor in 0.00 ms.
Initialize engine version: 2021.1.17f1 (03b40fe07a36)
[Subsystems] Discovering subsystems at path E:/Unity/Editor/2021.1.17f1/Editor/Data/Resources/UnitySubsystems
[Subsystems] Discovering subsystems at path F:/Github/RootedGame/Rooted Game/Assets
GfxDevice: creating device client; threaded=0; jobified=0
Direct3D:
    Version:  Direct3D 11.0 [level 11.1]
    Renderer: NVIDIA GeForce RTX 2070 SUPER (ID=0x1e84)
    Vendor:   NVIDIA
    VRAM:     8011 MB
    Driver:   27.21.14.5671
Initialize mono
Mono path[0] = 'E:/Unity/Editor/2021.1.17f1/Editor/Data/Managed'
Mono path[1] = 'E:/Unity/Editor/2021.1.17f1/Editor/Data/MonoBleedingEdge/lib/mono/unityjit'
Mono config path = 'E:/Unity/Editor/2021.1.17f1/Editor/Data/MonoBleedingEdge/etc'
Using monoOptions --debugger-agent=transport=dt_socket,embedding=1,server=y,suspend=n,address=127.0.0.1:56184
Begin MonoManager ReloadAssembly
Registering precompiled unity dll's ...
Register platform support module: E:/Unity/Editor/2021.1.17f1/Editor/Data/PlaybackEngines/WindowsStandaloneSupport/UnityEditor.WindowsStandalone.Extensions.dll
Registered in 0.001081 seconds.
Native extension for WindowsStandalone target not found
Refreshing native plugins compatible for Editor in 68.34 ms, found 3 plugins.
Preloading 0 native plugins for Editor in 0.00 ms.
Mono: successfully reloaded assembly
- Completed reload, in  1.118 seconds
Domain Reload Profiling:
	ReloadAssembly (1119ms)
		BeginReloadAssembly (69ms)
			ExecutionOrderSort (0ms)
			DisableScriptedObjects (0ms)
			BackupInstance (0ms)
			ReleaseScriptingObjects (0ms)
			CreateAndSetChildDomain (1ms)
		EndReloadAssembly (368ms)
			LoadAssemblies (69ms)
			RebuildTransferFunctionScriptingTraits (0ms)
			SetupTypeCache (132ms)
			ReleaseScriptCaches (0ms)
			RebuildScriptCaches (24ms)
			SetupLoadedEditorAssemblies (178ms)
				LogAssemblyErrors (0ms)
				InitializePlatformSupportModulesInManaged (5ms)
				SetLoadedEditorAssemblies (0ms)
				RefreshPlugins (68ms)
				BeforeProcessingInitializeOnLoad (1ms)
				ProcessInitializeOnLoadAttributes (79ms)
				ProcessInitializeOnLoadMethodAttributes (23ms)
				AfterProcessingInitializeOnLoad (0ms)
				EditorAssembliesLoaded (0ms)
			ExecutionOrderSort2 (0ms)
			AwakeInstancesAfterBackupRestoration (0ms)
Platform modules already initialized, skipping
Registering precompiled user dll's ...
Registered in 0.005229 seconds.
Begin MonoManager ReloadAssembly
Symbol file LoadedFromMemory doesn't match image F:\Github\RootedGame\Rooted Game\Library\PackageCache\com.unity.visualscripting@1.6.1\Editor\VisualScripting.Core\Dependencies\YamlDotNet\Unity.VisualScripting.YamlDotNet.dll
Symbol file LoadedFromMemory doesn't match image F:\Github\RootedGame\Rooted Game\Library\PackageCache\com.unity.visualscripting@1.6.1\Editor\VisualScripting.Core\Dependencies\DotNetZip\Unity.VisualScripting.IonicZip.dll
Native extension for WindowsStandalone target not found
Refreshing native plugins compatible for Editor in 0.60 ms, found 3 plugins.
Preloading 0 native plugins for Editor in 0.00 ms.
Mono: successfully reloaded assembly
- Completed reload, in  0.987 seconds
Domain Reload Profiling:
	ReloadAssembly (987ms)
		BeginReloadAssembly (149ms)
			ExecutionOrderSort (0ms)
			DisableScriptedObjects (4ms)
			BackupInstance (0ms)
			ReleaseScriptingObjects (0ms)
			CreateAndSetChildDomain (18ms)
		EndReloadAssembly (790ms)
			LoadAssemblies (102ms)
			RebuildTransferFunctionScriptingTraits (0ms)
			SetupTypeCache (282ms)
			ReleaseScriptCaches (1ms)
			RebuildScriptCaches (38ms)
			SetupLoadedEditorAssemblies (318ms)
				LogAssemblyErrors (0ms)
				InitializePlatformSupportModulesInManaged (4ms)
				SetLoadedEditorAssemblies (0ms)
				RefreshPlugins (1ms)
				BeforeProcessingInitializeOnLoad (51ms)
				ProcessInitializeOnLoadAttributes (256ms)
				ProcessInitializeOnLoadMethodAttributes (4ms)
				AfterProcessingInitializeOnLoad (2ms)
				EditorAssembliesLoaded (0ms)
			ExecutionOrderSort2 (0ms)
			AwakeInstancesAfterBackupRestoration (5ms)
Platform modules already initialized, skipping
========================================================================
Worker process is ready to serve import requests
Launched and connected shader compiler UnityShaderCompiler.exe after 0.05 seconds
Refreshing native plugins compatible for Editor in 0.61 ms, found 3 plugins.
Preloading 0 native plugins for Editor in 0.00 ms.
Unloading 2948 Unused Serialized files (Serialized files now loaded: 0)
System memory in use before: 105.8 MB.
System memory in use after: 106.0 MB.

Unloading 22 unused Assets to reduce memory usage. Loaded Objects now: 3393.
Total: 3.129300 ms (FindLiveObjects: 0.239600 ms CreateObjectMapping: 0.080200 ms MarkObjects: 2.745700 ms  DeleteObjects: 0.062800 ms)

AssetImportParameters requested are different than current active one (requested -> active):
  custom:framework-win-MediaFoundation: 216162199b28c13a410421893ffa2e32 -> 
  custom:video-decoder-ogg-theora: a1e56fd34408186e4bbccfd4996cb3dc -> 
  custom:container-muxer-webm: aa71ff27fc2769a1b78a27578f13a17b -> 
  custom:container-demuxer-webm: 4f35f7cbe854078d1ac9338744f61a02 -> 
  custom:container-demuxer-ogg: 62fdf1f143b41e24485cea50d1cbac27 -> 
  custom:video-encoder-webm-vp8: eb34c28f22e8b96e1ab97ce403110664 -> 
  custom:video-codec-MediaFoundation-h265: 746d11721c4dcdbdad8f713fa42b33f4 -> 
  custom:video-decoder-webm-vp8: 9c59270c3fd7afecdb556c50c9e8de78 -> 
  custom:audio-decoder-ogg-vorbis: bf7c407c2cedff20999df2af8eb42d56 -> 
  custom:audio-encoder-webm-vorbis: bf7c407c2cedff20999df2af8eb42d56 -> 
========================================================================
Received Import Request.
  path: Assets
  artifactKey: Guid(00000000000000001000000000000000) Importer(815301076,1909f56bfc062723c751e8b465ee728b)
Start importing Assets using Guid(00000000000000001000000000000000) Importer(815301076,1909f56bfc062723c751e8b465ee728b)  -> (artifact id: '42d402b061de3733987d63b9cc3b64de') in 0.005113 seconds 
========================================================================
Received Import Request.
  Time since last request: 3.164668 seconds.
  path: Assets/Materials
  artifactKey: Guid(62b4c7656e9242d48a1ec8d1eebf4778) Importer(815301076,1909f56bfc062723c751e8b465ee728b)
Start importing Assets/Materials using Guid(62b4c7656e9242d48a1ec8d1eebf4778) Importer(815301076,1909f56bfc062723c751e8b465ee728b)  -> (artifact id: 'cc7e3f0e1c017a76b8e513f10b5ae8ca') in 0.001723 seconds 
========================================================================
Received Import Request.
  Time since last request: 9.604268 seconds.
  path: Assets/Materials/New Material.mat
  artifactKey: Guid(861bdfa7d81985b458e29a52ff68bb55) Importer(815301076,1909f56bfc062723c751e8b465ee728b)
Start importing Assets/Materials/New Material.mat using Guid(861bdfa7d81985b458e29a52ff68bb55) Importer(815301076,1909f56bfc062723c751e8b465ee728b)  -> (artifact id: '8fc7cb0a76dffa1417971b231d33b938') in 0.086411 seconds 
========================================================================
Received Import Request.
  Time since last request: 29.472282 seconds.
  path: Assets/Materials/Default Material.mat
  artifactKey: Guid(861bdfa7d81985b458e29a52ff68bb55) Importer(815301076,1909f56bfc062723c751e8b465ee728b)
Start importing Assets/Materials/Default Material.mat using Guid(861bdfa7d81985b458e29a52ff68bb55) Importer(815301076,1909f56bfc062723c751e8b465ee728b)  -> (artifact id: 'd9bdf52f82c84bdc06e9710bf88329db') in 0.006872 seconds 
========================================================================
Received Import Request.
  Time since last request: 1961.434008 seconds.
  path: Assets/Scenes
  artifactKey: Guid(b46babcb7d8ab6340a64df79e9401fa4) Importer(815301076,1909f56bfc062723c751e8b465ee728b)
Start importing Assets/Scenes using Guid(b46babcb7d8ab6340a64df79e9401fa4) Importer(815301076,1909f56bfc062723c751e8b465ee728b)  -> (artifact id: 'ebd1fd1478294fe0822f37e7d6c61320') in 0.002158 seconds 
========================================================================
Received Import Request.
  Time since last request: 14.550202 seconds.
  path: Assets/Scenes/Rooted Concept 2.unity
  artifactKey: Guid(171129e2f81ae6c4298ae675657bc66d) Importer(815301076,1909f56bfc062723c751e8b465ee728b)
Start importing Assets/Scenes/Rooted Concept 2.unity using Guid(171129e2f81ae6c4298ae675657bc66d) Importer(815301076,1909f56bfc062723c751e8b465ee728b)  -> (artifact id: 'ef6116ffdc509a874e66c26e44f78008') in 0.002405 seconds 
========================================================================
Received Import Request.
  Time since last request: 70.547094 seconds.
  path: Assets/Scenes/Rooted Concept 1.unity
  artifactKey: Guid(3f7baf6adc87a944ab88f3a46214b472) Importer(815301076,1909f56bfc062723c751e8b465ee728b)
Start importing Assets/Scenes/Rooted Concept 1.unity using Guid(3f7baf6adc87a944ab88f3a46214b472) Importer(815301076,1909f56bfc062723c751e8b465ee728b)  -> (artifact id: 'ca7d26e641ef2ad2668970c64d9e2564') in 0.002077 seconds 
========================================================================
Received Import Request.
  Time since last request: 3.851812 seconds.
  path: Assets/Scenes/Rooted Concept 2.unity
  artifactKey: Guid(171129e2f81ae6c4298ae675657bc66d) Importer(815301076,1909f56bfc062723c751e8b465ee728b)
Start importing Assets/Scenes/Rooted Concept 2.unity using Guid(171129e2f81ae6c4298ae675657bc66d) Importer(815301076,1909f56bfc062723c751e8b465ee728b)  -> (artifact id: '6f4958219c8d704ab69b179b45f47d0e') in 0.002167 seconds 
AssetImportWorkerClient::OnTransportError - code=2 error=End of file
